2016-05-30 16:50:37 [ main:0 ] - [ INFO ] Loading XML bean definitions from class path resource [config/spring-common.xml]
 2016-05-30 16:50:37 [ main:313 ] - [ INFO ] Refreshing org.springframework.context.support.GenericApplicationContext@4476128: startup date [Mon May 30 16:50:37 CST 2016]; root of context hierarchy
 2016-05-30 16:50:38 [ main:594 ] - [ INFO ] Loaded JDBC driver: com.mysql.jdbc.Driver
 2016-05-30 16:50:39 [ main:1499 ] - [ INFO ] JSR-330 'javax.inject.Inject' annotation found and supported for autowiring
 2016-05-30 16:50:39 [ Thread-2:2202 ] - [ INFO ] Closing org.springframework.context.support.GenericApplicationContext@4476128: startup date [Mon May 30 16:50:37 CST 2016]; root of context hierarchy
 2016-05-30 16:54:29 [ main:0 ] - [ INFO ] Loading XML bean definitions from class path resource [config/spring-common.xml]
 2016-05-30 16:54:30 [ main:171 ] - [ INFO ] Refreshing org.springframework.context.support.GenericApplicationContext@6a3b8b49: startup date [Mon May 30 16:54:30 CST 2016]; root of context hierarchy
 2016-05-30 16:54:30 [ main:296 ] - [ INFO ] Loaded JDBC driver: com.mysql.jdbc.Driver
 2016-05-30 16:54:30 [ main:890 ] - [ INFO ] JSR-330 'javax.inject.Inject' annotation found and supported for autowiring
 2016-05-30 16:54:31 [ Thread-2:1342 ] - [ INFO ] Closing org.springframework.context.support.GenericApplicationContext@6a3b8b49: startup date [Mon May 30 16:54:30 CST 2016]; root of context hierarchy
 2016-05-30 16:55:10 [ main:0 ] - [ INFO ] Loading XML bean definitions from class path resource [config/spring-common.xml]
 2016-05-30 16:55:10 [ main:203 ] - [ INFO ] Refreshing org.springframework.context.support.GenericApplicationContext@6a3b8b49: startup date [Mon May 30 16:55:10 CST 2016]; root of context hierarchy
 2016-05-30 16:55:10 [ main:328 ] - [ INFO ] Loaded JDBC driver: com.mysql.jdbc.Driver
 2016-05-30 16:55:11 [ main:936 ] - [ INFO ] JSR-330 'javax.inject.Inject' annotation found and supported for autowiring
 2016-05-30 16:55:11 [ Thread-2:1437 ] - [ INFO ] Closing org.springframework.context.support.GenericApplicationContext@6a3b8b49: startup date [Mon May 30 16:55:10 CST 2016]; root of context hierarchy
 2016-05-30 17:14:09 [ main:0 ] - [ INFO ] Loading XML bean definitions from class path resource [config/spring-common.xml]
 2016-05-30 17:14:09 [ main:172 ] - [ INFO ] Refreshing org.springframework.context.support.GenericApplicationContext@6a3b8b49: startup date [Mon May 30 17:14:09 CST 2016]; root of context hierarchy
 2016-05-30 17:14:09 [ main:297 ] - [ INFO ] Loaded JDBC driver: com.mysql.jdbc.Driver
 2016-05-30 17:14:10 [ main:921 ] - [ INFO ] JSR-330 'javax.inject.Inject' annotation found and supported for autowiring
 2016-05-30 17:14:11 [ Thread-2:1530 ] - [ INFO ] Closing org.springframework.context.support.GenericApplicationContext@6a3b8b49: startup date [Mon May 30 17:14:09 CST 2016]; root of context hierarchy
 